
Collecting tasks from: OrderRobots.py
============================ Running: [96mminimal_task[0m =============================
    Order number  Head  Body  Legs      Address
0              1     1     2     3  Address 123
1              2     4     1     5  Address 456
2              3     6     2     3  Address 789
3              4     2     3     2    Address 1
4              5     3     5     1    Address 2
5              6     1     6     6    Address 3
6              7     5     1     5    Address 4
7              8     2     3     3    Address 5
8              9     3     2     2    Address 6
9             10     4     4     2    Address 7
10            11     6     6     1    Address 8
11            12     1     3     3    Address 9
12            13     1     5     4    Address A
13            14     3     1     5    Address B
14            15     3     2     6    Address C
15            16     6     3     6    Address D
16            17     5     4     1    Address E
17            18     2     5     1    Address F
18            19     4     6     2    Address G
19            20     1     1     5    Address H
[96mminimal_task[0m status: [91mFAIL
[0m[91m
string indices must be integers, not 'str'
[0m==================== Full Traceback (running [96mminimal_task[0m) =====================
[91mTraceback (most recent call last):
  File "C:\ProgramData\sema4ai\ht\a6dccac_c5e81ff_691db988\Lib\site-packages\robocorp\tasks\_commands.py", line 453, in run
    result = task.run(**kwargs)
             ^^^^^^^^^^^^^^^^^^
  File "C:\ProgramData\sema4ai\ht\a6dccac_c5e81ff_691db988\Lib\site-packages\robocorp\tasks\_task.py", line 57, in run
    return self.method(**kwargs)
           ^^^^^^^^^^^^^^^^^^^^^
  File "c:\Users\ajaykumar1\OneDrive - Deloitte (O365D)\Documents\RoboCorp\my-rsb-robot\OrderRobots.py", line 22, in minimal_task
    fill_form_with_CSV_data()
  File "c:\Users\ajaykumar1\OneDrive - Deloitte (O365D)\Documents\RoboCorp\my-rsb-robot\OrderRobots.py", line 38, in fill_form_with_CSV_data
    fill_and_Place_Order(row)
  File "c:\Users\ajaykumar1\OneDrive - Deloitte (O365D)\Documents\RoboCorp\my-rsb-robot\OrderRobots.py", line 54, in fill_and_Place_Order
    print(Order_Details["Head"])
          ~~~~~~~~~~~~~^^^^^^^^
TypeError: string indices must be integers, not 'str'

[0m================================================================================
Robocorp Log (html): c:\Users\ajaykumar1\OneDrive - Deloitte (O365D)\Documents\RoboCorp\my-rsb-robot\output\log.html
